<?xml version="1.0" encoding="UTF-8"?>
<testng-results ignored="0" total="3" passed="3" failed="0" skipped="0">
  <reporter-output>
  </reporter-output>
  <suite started-at="2026-06-10T18:03:53 IST" name="Capstone Automation Suite" finished-at="2026-06-10T18:06:59 IST" duration-ms="186222">
    <groups>
    </groups>
    <test started-at="2026-06-10T18:03:53 IST" name="GUI Elements Test" finished-at="2026-06-10T18:06:12 IST" duration-ms="139005">
      <class name="testcases.GuiElementsTest">
        <test-method is-config="true" signature="setUp()[pri:0, instance:testcases.GuiElementsTest@700fb871]" started-at="2026-06-10T18:03:53 IST" name="setUp" finished-at="2026-06-10T18:03:56 IST" duration-ms="3482" status="PASS">
          <reporter-output>
          </reporter-output>
        </test-method> <!-- setUp -->
        <test-method signature="verifyGuiElements()[pri:0, instance:testcases.GuiElementsTest@700fb871]" started-at="2026-06-10T18:03:56 IST" name="verifyGuiElements" finished-at="2026-06-10T18:06:11 IST" duration-ms="134508" status="PASS">
          <reporter-output>
          </reporter-output>
        </test-method> <!-- verifyGuiElements -->
        <test-method is-config="true" signature="tearDown()[pri:0, instance:testcases.GuiElementsTest@700fb871]" started-at="2026-06-10T18:06:11 IST" name="tearDown" finished-at="2026-06-10T18:06:12 IST" duration-ms="879" status="PASS">
          <reporter-output>
          </reporter-output>
        </test-method> <!-- tearDown -->
      </class> <!-- testcases.GuiElementsTest -->
    </test> <!-- GUI Elements Test -->
    <test started-at="2026-06-10T18:06:12 IST" name="ParaBank Registration Test" finished-at="2026-06-10T18:06:36 IST" duration-ms="23101">
      <class name="testcases.ParaBankRegistrationTest">
        <test-method is-config="true" signature="setUp()[pri:0, instance:testcases.ParaBankRegistrationTest@2ca923bb]" started-at="2026-06-10T18:06:12 IST" name="setUp" finished-at="2026-06-10T18:06:14 IST" duration-ms="1446" status="PASS">
          <reporter-output>
          </reporter-output>
        </test-method> <!-- setUp -->
        <test-method signature="verifyRegistrationAndLogin()[pri:0, instance:testcases.ParaBankRegistrationTest@2ca923bb]" started-at="2026-06-10T18:06:14 IST" name="verifyRegistrationAndLogin" finished-at="2026-06-10T18:06:35 IST" duration-ms="21057" status="PASS">
          <reporter-output>
          </reporter-output>
        </test-method> <!-- verifyRegistrationAndLogin -->
        <test-method is-config="true" signature="tearDown()[pri:0, instance:testcases.ParaBankRegistrationTest@2ca923bb]" started-at="2026-06-10T18:06:35 IST" name="tearDown" finished-at="2026-06-10T18:06:36 IST" duration-ms="586" status="PASS">
          <reporter-output>
          </reporter-output>
        </test-method> <!-- tearDown -->
      </class> <!-- testcases.ParaBankRegistrationTest -->
    </test> <!-- ParaBank Registration Test -->
    <test started-at="2026-06-10T18:06:36 IST" name="BlazeDemo Flight Booking Test" finished-at="2026-06-10T18:06:59 IST" duration-ms="23110">
      <class name="testcases.BlazeDemoTest">
        <test-method is-config="true" signature="setUp()[pri:0, instance:testcases.BlazeDemoTest@1787f2a0]" started-at="2026-06-10T18:06:36 IST" name="setUp" finished-at="2026-06-10T18:06:37 IST" duration-ms="1458" status="PASS">
          <reporter-output>
          </reporter-output>
        </test-method> <!-- setUp -->
        <test-method signature="verifyFlightBooking()[pri:0, instance:testcases.BlazeDemoTest@1787f2a0]" started-at="2026-06-10T18:06:37 IST" name="verifyFlightBooking" finished-at="2026-06-10T18:06:58 IST" duration-ms="21061" status="PASS">
          <reporter-output>
          </reporter-output>
        </test-method> <!-- verifyFlightBooking -->
        <test-method is-config="true" signature="tearDown()[pri:0, instance:testcases.BlazeDemoTest@1787f2a0]" started-at="2026-06-10T18:06:58 IST" name="tearDown" finished-at="2026-06-10T18:06:59 IST" duration-ms="582" status="PASS">
          <reporter-output>
          </reporter-output>
        </test-method> <!-- tearDown -->
      </class> <!-- testcases.BlazeDemoTest -->
    </test> <!-- BlazeDemo Flight Booking Test -->
  </suite> <!-- Capstone Automation Suite -->
</testng-results>
