<?xml version="1.0" encoding="UTF-8"?>
<testng-results ignored="0" total="1" passed="1" failed="0" skipped="0">
  <reporter-output>
  </reporter-output>
  <suite started-at="2026-06-06T16:07:13 IST" name="Default suite" finished-at="2026-06-06T16:07:29 IST" duration-ms="16169">
    <groups>
    </groups>
    <test started-at="2026-06-06T16:07:13 IST" name="Default test" finished-at="2026-06-06T16:07:29 IST" duration-ms="16169">
      <class name="testcases.GuiElementsTest">
        <test-method is-config="true" signature="setUp()[pri:0, instance:testcases.GuiElementsTest@62379589]" started-at="2026-06-06T16:07:13 IST" name="setUp" finished-at="2026-06-06T16:07:16 IST" duration-ms="3018" status="PASS">
          <reporter-output>
          </reporter-output>
        </test-method> <!-- setUp -->
        <test-method signature="verifyTextFieldsAndSelections()[pri:0, instance:testcases.GuiElementsTest@62379589]" started-at="2026-06-06T16:07:16 IST" name="verifyTextFieldsAndSelections" finished-at="2026-06-06T16:07:28 IST" duration-ms="12505" status="PASS">
          <reporter-output>
          </reporter-output>
        </test-method> <!-- verifyTextFieldsAndSelections -->
        <test-method is-config="true" signature="tearDown()[pri:0, instance:testcases.GuiElementsTest@62379589]" started-at="2026-06-06T16:07:28 IST" name="tearDown" finished-at="2026-06-06T16:07:29 IST" duration-ms="546" status="PASS">
          <reporter-output>
          </reporter-output>
        </test-method> <!-- tearDown -->
      </class> <!-- testcases.GuiElementsTest -->
    </test> <!-- Default test -->
  </suite> <!-- Default suite -->
</testng-results>
